<?xml version="1.0" encoding="UTF-8"?>
<testsuite xmlns:xsi="http://www.w3.org/2001/XMLSchema-instance" xsi:noNamespaceSchemaLocation="https://maven.apache.org/surefire/maven-surefire-plugin/xsd/surefire-test-report.xsd" name="Google Search Functionality" time="30.907" tests="3" errors="0" skipped="0" failures="0">
  <properties>
[...]
</properties>
  <testcase name="TC01_iPhone search" classname="Google Search Functionality" time="13.592"/>
  <testcase name="TC02_teapot search" classname="Google Search Functionality" time="7.916"/>
  <testcase name="TC04_tesla_search" classname="Google Search Functionality" time="9.396"/>
</testsuite>